STEP to UG
! INFO-     NX STEP AP203 - V1980
! INFO-      
! INFO-     Start of Translation: 13-OCT-2022  11:41:10 AM
! INFO-      
! STATUS-   Converting Part: C:\Users\ebowman\OneDrive - NVIDIA Corporation\CAD\Class1RC\Servo Futaba S3003 v6.step
! SUMMARY-   
! SUMMARY-    STEP Header Information
! SUMMARY-   
! SUMMARY-  Description      Unknown
! SUMMARY-  Imp_Level        2;1
! SUMMARY-  File_Name        /Users/octavi/TRABAJOS/ROBOTICA/Imagenes/Servo Futaba S3003 v6.step
! SUMMARY-  Date             2018-05-01T10:24:55+02:00
! SUMMARY-  Author           octavi@octavimasia.com
! SUMMARY-  Organization     Unknown
! SUMMARY-  Pre_Version      ST-DEVELOPER v17
! SUMMARY-  Orig_System      Autodesk Translation Framework v7.1.0.215
! SUMMARY-  Authorization    Unknown
! SUMMARY-  Schema_ID        automotive_design
! SUMMARY-   
! SUMMARY-    Summary of STEP Entities
! SUMMARY-   
! SUMMARY-  Entity Type                                                   Count
! SUMMARY-  -----------                                                   ------
! SUMMARY-  advanced_face ..............................................:    665
! SUMMARY-  application_context ........................................:      1
! SUMMARY-  axis2_placement_3d .........................................:   1327
! SUMMARY-  b_spline_curve_with_knots ..................................:     44
! SUMMARY-  b_spline_surface_with_knots ................................:     12
! SUMMARY-  cartesian_point ............................................:   4400
! SUMMARY-  circle .....................................................:    655
! SUMMARY-  closed_shell ...............................................:      4
! SUMMARY-  conical_surface ............................................:      1
! SUMMARY-  context_dependent_shape_representation .....................:      1
! SUMMARY-  cylindrical_surface ........................................:    235
! SUMMARY-  direction ..................................................:   3547
! SUMMARY-  edge_curve .................................................:   1608
! SUMMARY-  edge_loop ..................................................:    716
! SUMMARY-  ellipse ....................................................:     16
! SUMMARY-  face_bound .................................................:     51
! SUMMARY-  face_outer_bound ...........................................:    665
! SUMMARY-  geometric_representation_context_and_global_uncertainty_a ..:      3
! SUMMARY-  item_defined_transformation ................................:      1
! SUMMARY-  length_unit_and_si_unit ....................................:      1
! SUMMARY-  line .......................................................:    893
! SUMMARY-  manifold_solid_brep ........................................:      4
! SUMMARY-  next_assembly_usage_occurrence .............................:      1
! SUMMARY-  oriented_edge ..............................................:   3216
! SUMMARY-  plane ......................................................:    314
! SUMMARY-  plane_angle_unit_and_si_unit ...............................:      1
! SUMMARY-  product ....................................................:      2
! SUMMARY-  product_context ............................................:      1
! SUMMARY-  product_definition .........................................:      2
! SUMMARY-  product_definition_context .................................:      1
! SUMMARY-  product_definition_formation ...............................:      2
! SUMMARY-  product_definition_shape ...................................:      3
! SUMMARY-  product_related_product_category ...........................:      2
! SUMMARY-  representation_relationship_with_transformation_and_shape ..:      1
! SUMMARY-  shape_representation .......................................:      2
! SUMMARY-  si_unit_and_solid_angle_unit ...............................:      1
! SUMMARY-  spherical_surface ..........................................:      6
! SUMMARY-  toroidal_surface ...........................................:     97
! SUMMARY-  uncertainty_measure_with_unit ..............................:      3
! SUMMARY-  vector .....................................................:    893
! SUMMARY-  vertex_point ...............................................:    964
! SUMMARY-                                                               -------
! SUMMARY-  Total                                                          20362
! STATUS-    
! STATUS-   Converting to Output Form (Phase 2 of 3): 13-OCT-2022 11:41:10 AM
! STATUS-    
! STATUS-    
! STATUS-   Generating UG geometry and placing them in parts
! STATUS-    
! STATUS-   Creating the UG part (Phase 3 of 3): 13-OCT-2022  11:41:11 AM
! INFO-     Filing Part ..: C:\Users\ebowman\OneDrive - NVIDIA Corporation\CAD\Class1RC\Aspa-creu-Axix holder
! SUMMARY-   
! SUMMARY-  Summary of Unigraphics Part Entities
! SUMMARY-   
! SUMMARY-  Entities Processed             Count
! SUMMARY-  ------------------             -----
! SUMMARY-  Solid .......................:     1
! SUMMARY-                                 -----
! SUMMARY-  Total                              1
! STATUS-   Creating the UG part (Phase 3 of 3): 13-OCT-2022  11:41:12 AM
! INFO-     Filing Part ..: C:\Users\ebowman\OneDrive - NVIDIA Corporation\CAD\Class1RC\Servo Futaba S3003 v6.prt
! SUMMARY-   
! SUMMARY-  Summary of Unigraphics Part Entities
! SUMMARY-   
! SUMMARY-  Entities Processed             Count
! SUMMARY-  ------------------             -----
! SUMMARY-  Component ...................:     1
! SUMMARY-  Solid .......................:     3
! SUMMARY-                                 -----
! SUMMARY-  Total                              4
! INFO-      
! INFO-     Total number of solids input for this translation       :         4
! INFO-      
! INFO-     Number of solids created without body validation faults :         4
! INFO-      
! INFO-     Number of solids created with body validation fault(s)  :         0
! INFO-      
! INFO-     Number of solids ending up as sheet bodies              :         0
! INFO-      
! INFO-     End of Translation: 13-OCT-2022  11:41:12 AM
! INFO-      
STEP to UG
! INFO-     NX STEP AP203 - V1980
! INFO-      
! INFO-     Start of Translation: 13-OCT-2022  11:51:06 AM
! INFO-      
! STATUS-   Converting Part: C:\Users\ebowman\OneDrive - NVIDIA Corporation\CAD\Class1RC\Servo Futaba S3003 v6.step
! SUMMARY-   
! SUMMARY-    STEP Header Information
! SUMMARY-   
! SUMMARY-  Description      Unknown
! SUMMARY-  Imp_Level        2;1
! SUMMARY-  File_Name        /Users/octavi/TRABAJOS/ROBOTICA/Imagenes/Servo Futaba S3003 v6.step
! SUMMARY-  Date             2018-05-01T10:24:55+02:00
! SUMMARY-  Author           octavi@octavimasia.com
! SUMMARY-  Organization     Unknown
! SUMMARY-  Pre_Version      ST-DEVELOPER v17
! SUMMARY-  Orig_System      Autodesk Translation Framework v7.1.0.215
! SUMMARY-  Authorization    Unknown
! SUMMARY-  Schema_ID        automotive_design
! SUMMARY-   
! SUMMARY-    Summary of STEP Entities
! SUMMARY-   
! SUMMARY-  Entity Type                                                   Count
! SUMMARY-  -----------                                                   ------
! SUMMARY-  advanced_face ..............................................:    665
! SUMMARY-  application_context ........................................:      1
! SUMMARY-  axis2_placement_3d .........................................:   1327
! SUMMARY-  b_spline_curve_with_knots ..................................:     44
! SUMMARY-  b_spline_surface_with_knots ................................:     12
! SUMMARY-  cartesian_point ............................................:   4400
! SUMMARY-  circle .....................................................:    655
! SUMMARY-  closed_shell ...............................................:      4
! SUMMARY-  conical_surface ............................................:      1
! SUMMARY-  context_dependent_shape_representation .....................:      1
! SUMMARY-  cylindrical_surface ........................................:    235
! SUMMARY-  direction ..................................................:   3547
! SUMMARY-  edge_curve .................................................:   1608
! SUMMARY-  edge_loop ..................................................:    716
! SUMMARY-  ellipse ....................................................:     16
! SUMMARY-  face_bound .................................................:     51
! SUMMARY-  face_outer_bound ...........................................:    665
! SUMMARY-  geometric_representation_context_and_global_uncertainty_a ..:      3
! SUMMARY-  item_defined_transformation ................................:      1
! SUMMARY-  length_unit_and_si_unit ....................................:      1
! SUMMARY-  line .......................................................:    893
! SUMMARY-  manifold_solid_brep ........................................:      4
! SUMMARY-  next_assembly_usage_occurrence .............................:      1
! SUMMARY-  oriented_edge ..............................................:   3216
! SUMMARY-  plane ......................................................:    314
! SUMMARY-  plane_angle_unit_and_si_unit ...............................:      1
! SUMMARY-  product ....................................................:      2
! SUMMARY-  product_context ............................................:      1
! SUMMARY-  product_definition .........................................:      2
! SUMMARY-  product_definition_context .................................:      1
! SUMMARY-  product_definition_formation ...............................:      2
! SUMMARY-  product_definition_shape ...................................:      3
! SUMMARY-  product_related_product_category ...........................:      2
! SUMMARY-  representation_relationship_with_transformation_and_shape ..:      1
! SUMMARY-  shape_representation .......................................:      2
! SUMMARY-  si_unit_and_solid_angle_unit ...............................:      1
! SUMMARY-  spherical_surface ..........................................:      6
! SUMMARY-  toroidal_surface ...........................................:     97
! SUMMARY-  uncertainty_measure_with_unit ..............................:      3
! SUMMARY-  vector .....................................................:    893
! SUMMARY-  vertex_point ...............................................:    964
! SUMMARY-                                                               -------
! SUMMARY-  Total                                                          20362
! STATUS-    
! STATUS-   Converting to Output Form (Phase 2 of 3): 13-OCT-2022 11:51:06 AM
! STATUS-    
! STATUS-    
! STATUS-   Generating UG geometry and placing them in parts
! STATUS-    
! STATUS-   Creating the UG part (Phase 3 of 3): 13-OCT-2022  11:51:07 AM
! INFO-     Filing Part ..: C:\Users\ebowman\OneDrive - NVIDIA Corporation\CAD\Class1RC\Aspa-creu-Axix holder20384
! SUMMARY-   
! SUMMARY-  Summary of Unigraphics Part Entities
! SUMMARY-   
! SUMMARY-  Entities Processed             Count
! SUMMARY-  ------------------             -----
! SUMMARY-  Coordinate System ...........:     1
! SUMMARY-  Solid .......................:     1
! SUMMARY-                                 -----
! SUMMARY-  Total                              2
! STATUS-   Creating the UG part (Phase 3 of 3): 13-OCT-2022  11:51:07 AM
! INFO-     Filing Part ..: C:\Users\ebowman\OneDrive - NVIDIA Corporation\CAD\Class1RC\Servo Futaba S3003 v6.prt
! SUMMARY-   
! SUMMARY-  Summary of Unigraphics Part Entities
! SUMMARY-   
! SUMMARY-  Entities Processed             Count
! SUMMARY-  ------------------             -----
! SUMMARY-  Coordinate System ...........:     2
! SUMMARY-  Component ...................:     1
! SUMMARY-  Solid .......................:     3
! SUMMARY-                                 -----
! SUMMARY-  Total                              6
! INFO-      
! INFO-     Total number of solids input for this translation       :         4
! INFO-      
! INFO-     Number of solids created without body validation faults :         4
! INFO-      
! INFO-     Number of solids created with body validation fault(s)  :         0
! INFO-      
! INFO-     Number of solids ending up as sheet bodies              :         0
! INFO-      
! INFO-     End of Translation: 13-OCT-2022  11:51:08 AM
! INFO-      
